# JRE version: Java(TM) SE Runtime Environment 18.9 (11.0.9+7) (build 11.0.9+7-LTS)
# Java VM: Java HotSpot(TM) 64-Bit Server VM 18.9 (11.0.9+7-LTS, mixed mode, tiered, compressed oops, parallel gc, windows-amd64)
Heap:
 PSYoungGen      total 5632K, used 4853K [0x00000000eab00000, 0x00000000eb300000, 0x0000000100000000)
  eden space 4608K, 84% used [0x00000000eab00000,0x00000000eaeccc10,0x00000000eaf80000)
  from space 1024K, 93% used [0x00000000eb200000,0x00000000eb2f0828,0x00000000eb300000)
  to   space 1536K, 0% used [0x00000000eb000000,0x00000000eb000000,0x00000000eb180000)
 ParOldGen       total 139264K, used 116750K [0x00000000c0000000, 0x00000000c8800000, 0x00000000eab00000)
  object space 139264K, 83% used [0x00000000c0000000,0x00000000c7203890,0x00000000c8800000)
 Metaspace       used 78427K, capacity 81733K, committed 82176K, reserved 1122304K
  class space    used 7532K, capacity 8758K, committed 8960K, reserved 1048576K
GC Heap History (10 events):
Event: 1334.605 GC heap before
{Heap before GC invocations=161 (full 10):
 PSYoungGen      total 5120K, used 2080K [0x00000000eab00000, 0x00000000eb280000, 0x0000000100000000)
  eden space 2560K, 0% used [0x00000000eab00000,0x00000000eab00000,0x00000000ead80000)
  from space 2560K, 81% used [0x00000000eb000000,0x00000000eb208000,0x00000000eb280000)
  to   space 2560K, 0% used [0x00000000ead80000,0x00000000ead80000,0x00000000eb000000)
 ParOldGen       total 140800K, used 139412K [0x00000000c0000000, 0x00000000c8980000, 0x00000000eab00000)
  object space 140800K, 99% used [0x00000000c0000000,0x00000000c8825080,0x00000000c8980000)
 Metaspace       used 78151K, capacity 81465K, committed 81920K, reserved 1122304K
  class space    used 7516K, capacity 8754K, committed 8960K, reserved 1048576K
}
Event: 1334.794 GC heap after
{Heap after GC invocations=161 (full 10):
 PSYoungGen      total 5120K, used 0K [0x00000000eab00000, 0x00000000eb300000, 0x0000000100000000)
  eden space 2560K, 0% used [0x00000000eab00000,0x00000000eab00000,0x00000000ead80000)
  from space 2560K, 0% used [0x00000000ead80000,0x00000000ead80000,0x00000000eb000000)
  to   space 2560K, 0% used [0x00000000eb080000,0x00000000eb080000,0x00000000eb300000)
 ParOldGen       total 139264K, used 110956K [0x00000000c0000000, 0x00000000c8800000, 0x00000000eab00000)
  object space 139264K, 79% used [0x00000000c0000000,0x00000000c6c5b2b8,0x00000000c8800000)
 Metaspace       used 78151K, capacity 81465K, committed 81920K, reserved 1122304K
  class space    used 7516K, capacity 8754K, committed 8960K, reserved 1048576K
}
Event: 1334.806 GC heap before
{Heap before GC invocations=162 (full 10):
 PSYoungGen      total 5120K, used 2560K [0x00000000eab00000, 0x00000000eb300000, 0x0000000100000000)
  eden space 2560K, 100% used [0x00000000eab00000,0x00000000ead80000,0x00000000ead80000)
  from space 2560K, 0% used [0x00000000ead80000,0x00000000ead80000,0x00000000eb000000)
  to   space 2560K, 0% used [0x00000000eb080000,0x00000000eb080000,0x00000000eb300000)
 ParOldGen       total 139264K, used 110956K [0x00000000c0000000, 0x00000000c8800000, 0x00000000eab00000)
  object space 139264K, 79% used [0x00000000c0000000,0x00000000c6c5b2b8,0x00000000c8800000)
 Metaspace       used 78175K, capacity 81465K, committed 81920K, reserved 1122304K
  class space    used 7519K, capacity 8754K, committed 8960K, reserved 1048576K
}
Event: 1334.810 GC heap after
{Heap after GC invocations=162 (full 10):
 PSYoungGen      total 5120K, used 1834K [0x00000000eab00000, 0x00000000eb280000, 0x0000000100000000)
  eden space 3072K, 0% used [0x00000000eab00000,0x00000000eab00000,0x00000000eae00000)
  from space 2048K, 89% used [0x00000000eb080000,0x00000000eb24a910,0x00000000eb280000)
  to   space 2048K, 0% used [0x00000000eae80000,0x00000000eae80000,0x00000000eb080000)
 ParOldGen       total 139264K, used 110956K [0x00000000c0000000, 0x00000000c8800000, 0x00000000eab00000)
  object space 139264K, 79% used [0x00000000c0000000,0x00000000c6c5b2b8,0x00000000c8800000)
 Metaspace       used 78175K, capacity 81465K, committed 81920K, reserved 1122304K
  class space    used 7519K, capacity 8754K, committed 8960K, reserved 1048576K
}
Event: 1334.839 GC heap before
{Heap before GC invocations=163 (full 10):
 PSYoungGen      total 5120K, used 4906K [0x00000000eab00000, 0x00000000eb280000, 0x0000000100000000)
  eden space 3072K, 100% used [0x00000000eab00000,0x00000000eae00000,0x00000000eae00000)
  from space 2048K, 89% used [0x00000000eb080000,0x00000000eb24a910,0x00000000eb280000)
  to   space 2048K, 0% used [0x00000000eae80000,0x00000000eae80000,0x00000000eb080000)
 ParOldGen       total 139264K, used 110956K [0x00000000c0000000, 0x00000000c8800000, 0x00000000eab00000)
  object space 139264K, 79% used [0x00000000c0000000,0x00000000c6c5b2b8,0x00000000c8800000)
 Metaspace       used 78304K, capacity 81602K, committed 82176K, reserved 1122304K
  class space    used 7527K, capacity 8757K, committed 8960K, reserved 1048576K
}
Event: 1334.844 GC heap after
{Heap after GC invocations=163 (full 10):
 PSYoungGen      total 5632K, used 889K [0x00000000eab00000, 0x00000000eb200000, 0x0000000100000000)
  eden space 3584K, 0% used [0x00000000eab00000,0x00000000eab00000,0x00000000eae80000)
  from space 2048K, 43% used [0x00000000eae80000,0x00000000eaf5e410,0x00000000eb080000)
  to   space 1536K, 0% used [0x00000000eb080000,0x00000000eb080000,0x00000000eb200000)
 ParOldGen       total 139264K, used 112729K [0x00000000c0000000, 0x00000000c8800000, 0x00000000eab00000)
  object space 139264K, 80% used [0x00000000c0000000,0x00000000c6e164d8,0x00000000c8800000)
 Metaspace       used 78304K, capacity 81602K, committed 82176K, reserved 1122304K
  class space    used 7527K, capacity 8757K, committed 8960K, reserved 1048576K
}
Event: 1334.867 GC heap before
{Heap before GC invocations=164 (full 10):
 PSYoungGen      total 5632K, used 4473K [0x00000000eab00000, 0x00000000eb200000, 0x0000000100000000)
  eden space 3584K, 100% used [0x00000000eab00000,0x00000000eae80000,0x00000000eae80000)
  from space 2048K, 43% used [0x00000000eae80000,0x00000000eaf5e410,0x00000000eb080000)
  to   space 1536K, 0% used [0x00000000eb080000,0x00000000eb080000,0x00000000eb200000)
 ParOldGen       total 139264K, used 112729K [0x00000000c0000000, 0x00000000c8800000, 0x00000000eab00000)
  object space 139264K, 80% used [0x00000000c0000000,0x00000000c6e164d8,0x00000000c8800000)
 Metaspace       used 78368K, capacity 81666K, committed 82176K, reserved 1122304K
  class space    used 7529K, capacity 8757K, committed 8960K, reserved 1048576K
}
Event: 1334.871 GC heap after
{Heap after GC invocations=164 (full 10):
 PSYoungGen      total 5120K, used 1513K [0x00000000eab00000, 0x00000000eb200000, 0x0000000100000000)
  eden space 3584K, 0% used [0x00000000eab00000,0x00000000eab00000,0x00000000eae80000)
  from space 1536K, 98% used [0x00000000eb080000,0x00000000eb1fa7f8,0x00000000eb200000)
  to   space 2048K, 0% used [0x00000000eae80000,0x00000000eae80000,0x00000000eb080000)
 ParOldGen       total 139264K, used 114414K [0x00000000c0000000, 0x00000000c8800000, 0x00000000eab00000)
  object space 139264K, 82% used [0x00000000c0000000,0x00000000c6fbb908,0x00000000c8800000)
 Metaspace       used 78368K, capacity 81666K, committed 82176K, reserved 1122304K
  class space    used 7529K, capacity 8757K, committed 8960K, reserved 1048576K
}
Event: 1334.897 GC heap before
{Heap before GC invocations=165 (full 10):
 PSYoungGen      total 5120K, used 5097K [0x00000000eab00000, 0x00000000eb200000, 0x0000000100000000)
  eden space 3584K, 100% used [0x00000000eab00000,0x00000000eae80000,0x00000000eae80000)
  from space 1536K, 98% used [0x00000000eb080000,0x00000000eb1fa7f8,0x00000000eb200000)
  to   space 2048K, 0% used [0x00000000eae80000,0x00000000eae80000,0x00000000eb080000)
 ParOldGen       total 139264K, used 114414K [0x00000000c0000000, 0x00000000c8800000, 0x00000000eab00000)
  object space 139264K, 82% used [0x00000000c0000000,0x00000000c6fbb908,0x00000000c8800000)
 Metaspace       used 78394K, capacity 81669K, committed 82176K, reserved 1122304K
  class space    used 7532K, capacity 8758K, committed 8960K, reserved 1048576K
}
Event: 1334.901 GC heap after
{Heap after GC invocations=165 (full 10):
 PSYoungGen      total 5632K, used 1668K [0x00000000eab00000, 0x00000000eb480000, 0x0000000100000000)
  eden space 3584K, 0% used [0x00000000eab00000,0x00000000eab00000,0x00000000eae80000)
  from space 2048K, 81% used [0x00000000eae80000,0x00000000eb021210,0x00000000eb080000)
  to   space 2560K, 0% used [0x00000000eb200000,0x00000000eb200000,0x00000000eb480000)
 ParOldGen       total 139264K, used 115920K [0x00000000c0000000, 0x00000000c8800000, 0x00000000eab00000)
  object space 139264K, 83% used [0x00000000c0000000,0x00000000c7134100,0x00000000c8800000)
 Metaspace       used 78394K, capacity 81669K, committed 82176K, reserved 1122304K
  class space    used 7532K, capacity 8758K, committed 8960K, reserved 1048576K
}

