# JRE version: Java(TM) SE Runtime Environment 18.9 (11.0.9+7) (build 11.0.9+7-LTS)
# Java VM: Java HotSpot(TM) 64-Bit Server VM 18.9 (11.0.9+7-LTS, mixed mode, tiered, compressed oops, g1 gc, windows-amd64)
Heap:
 garbage-first heap   total 236544K, used 146432K [0x0000000741c00000, 0x0000000800000000)
  region size 1024K, 130 young (133120K), 11 survivors (11264K)
 Metaspace       used 70065K, capacity 71820K, committed 72016K, reserved 1112064K
  class space    used 8795K, capacity 9468K, committed 9552K, reserved 1048576K
GC Heap History (10 events):
Event: 4.895 GC heap before
{Heap before GC invocations=5 (full 0):
 garbage-first heap   total 196608K, used 123060K [0x0000000741c00000, 0x0000000800000000)
  region size 1024K, 115 young (117760K), 3 survivors (3072K)
 Metaspace       used 29541K, capacity 30207K, committed 30460K, reserved 1075200K
  class space    used 3436K, capacity 3707K, committed 3836K, reserved 1048576K
}
Event: 4.903 GC heap after
{Heap after GC invocations=6 (full 0):
 garbage-first heap   total 196608K, used 12422K [0x0000000741c00000, 0x0000000800000000)
  region size 1024K, 6 young (6144K), 6 survivors (6144K)
 Metaspace       used 29541K, capacity 30207K, committed 30460K, reserved 1075200K
  class space    used 3436K, capacity 3707K, committed 3836K, reserved 1048576K
}
Event: 6.129 GC heap before
{Heap before GC invocations=6 (full 0):
 garbage-first heap   total 196608K, used 63622K [0x0000000741c00000, 0x0000000800000000)
  region size 1024K, 57 young (58368K), 6 survivors (6144K)
 Metaspace       used 35130K, capacity 35918K, committed 36048K, reserved 1081344K
  class space    used 4169K, capacity 4487K, committed 4560K, reserved 1048576K
}
Event: 6.140 GC heap after
{Heap after GC invocations=7 (full 0):
 garbage-first heap   total 196608K, used 14954K [0x0000000741c00000, 0x0000000800000000)
  region size 1024K, 9 young (9216K), 9 survivors (9216K)
 Metaspace       used 35130K, capacity 35918K, committed 36048K, reserved 1081344K
  class space    used 4169K, capacity 4487K, committed 4560K, reserved 1048576K
}
Event: 7.329 GC heap before
{Heap before GC invocations=8 (full 0):
 garbage-first heap   total 196608K, used 122474K [0x0000000741c00000, 0x0000000800000000)
  region size 1024K, 115 young (117760K), 9 survivors (9216K)
 Metaspace       used 38637K, capacity 39635K, committed 39888K, reserved 1083392K
  class space    used 4594K, capacity 4979K, committed 5072K, reserved 1048576K
}
Event: 7.341 GC heap after
{Heap after GC invocations=9 (full 0):
 garbage-first heap   total 196608K, used 16587K [0x0000000741c00000, 0x0000000800000000)
  region size 1024K, 10 young (10240K), 10 survivors (10240K)
 Metaspace       used 38637K, capacity 39635K, committed 39888K, reserved 1083392K
  class space    used 4594K, capacity 4979K, committed 5072K, reserved 1048576K
}
Event: 11.364 GC heap before
{Heap before GC invocations=9 (full 0):
 garbage-first heap   total 196608K, used 124107K [0x0000000741c00000, 0x0000000800000000)
  region size 1024K, 115 young (117760K), 10 survivors (10240K)
 Metaspace       used 51906K, capacity 53173K, committed 53200K, reserved 1095680K
  class space    used 6384K, capacity 6847K, committed 6864K, reserved 1048576K
}
Event: 11.382 GC heap after
{Heap after GC invocations=10 (full 0):
 garbage-first heap   total 236544K, used 22423K [0x0000000741c00000, 0x0000000800000000)
  region size 1024K, 13 young (13312K), 13 survivors (13312K)
 Metaspace       used 51906K, capacity 53173K, committed 53200K, reserved 1095680K
  class space    used 6384K, capacity 6847K, committed 6864K, reserved 1048576K
}
Event: 12.318 GC heap before
{Heap before GC invocations=10 (full 0):
 garbage-first heap   total 236544K, used 95127K [0x0000000741c00000, 0x0000000800000000)
  region size 1024K, 85 young (87040K), 13 survivors (13312K)
 Metaspace       used 59023K, capacity 60462K, committed 60508K, reserved 1101824K
  class space    used 7316K, capacity 7868K, committed 7888K, reserved 1048576K
}
Event: 12.337 GC heap after
{Heap after GC invocations=11 (full 0):
 garbage-first heap   total 236544K, used 25600K [0x0000000741c00000, 0x0000000800000000)
  region size 1024K, 11 young (11264K), 11 survivors (11264K)
 Metaspace       used 59023K, capacity 60462K, committed 60508K, reserved 1101824K
  class space    used 7316K, capacity 7868K, committed 7888K, reserved 1048576K
}

