# JRE version: Java(TM) SE Runtime Environment 18.9 (11.0.9+7) (build 11.0.9+7-LTS)
# Java VM: Java HotSpot(TM) 64-Bit Server VM 18.9 (11.0.9+7-LTS, mixed mode, tiered, compressed oops, g1 gc, windows-amd64)
Heap:
 garbage-first heap   total 284672K, used 121793K [0x0000000741c00000, 0x0000000800000000)
  region size 1024K, 104 young (106496K), 13 survivors (13312K)
 Metaspace       used 73616K, capacity 75370K, committed 75520K, reserved 1114112K
  class space    used 9219K, capacity 9912K, committed 9984K, reserved 1048576K
GC Heap History (10 events):
Event: 4.198 GC heap before
{Heap before GC invocations=7 (full 0):
 garbage-first heap   total 236544K, used 59156K [0x0000000741c00000, 0x0000000800000000)
  region size 1024K, 53 young (54272K), 6 survivors (6144K)
 Metaspace       used 34775K, capacity 35572K, committed 35628K, reserved 1081344K
  class space    used 4133K, capacity 4478K, committed 4480K, reserved 1048576K
}
Event: 4.211 GC heap after
{Heap after GC invocations=8 (full 0):
 garbage-first heap   total 236544K, used 14742K [0x0000000741c00000, 0x0000000800000000)
  region size 1024K, 9 young (9216K), 9 survivors (9216K)
 Metaspace       used 34775K, capacity 35572K, committed 35628K, reserved 1081344K
  class space    used 4133K, capacity 4478K, committed 4480K, reserved 1048576K
}
Event: 5.863 GC heap before
{Heap before GC invocations=9 (full 0):
 garbage-first heap   total 236544K, used 138646K [0x0000000741c00000, 0x0000000800000000)
  region size 1024K, 131 young (134144K), 9 survivors (9216K)
 Metaspace       used 39507K, capacity 40601K, committed 40832K, reserved 1085440K
  class space    used 4723K, capacity 5151K, committed 5248K, reserved 1048576K
}
Event: 5.877 GC heap after
{Heap after GC invocations=10 (full 0):
 garbage-first heap   total 236544K, used 17265K [0x0000000741c00000, 0x0000000800000000)
  region size 1024K, 11 young (11264K), 11 survivors (11264K)
 Metaspace       used 39507K, capacity 40601K, committed 40832K, reserved 1085440K
  class space    used 4723K, capacity 5151K, committed 5248K, reserved 1048576K
}
Event: 8.480 GC heap before
{Heap before GC invocations=10 (full 0):
 garbage-first heap   total 236544K, used 147313K [0x0000000741c00000, 0x0000000800000000)
  region size 1024K, 138 young (141312K), 11 survivors (11264K)
 Metaspace       used 56322K, capacity 57639K, committed 57728K, reserved 1099776K
  class space    used 6992K, capacity 7520K, committed 7552K, reserved 1048576K
}
Event: 8.498 GC heap after
{Heap after GC invocations=11 (full 0):
 garbage-first heap   total 236544K, used 23686K [0x0000000741c00000, 0x0000000800000000)
  region size 1024K, 15 young (15360K), 15 survivors (15360K)
 Metaspace       used 56322K, capacity 57639K, committed 57728K, reserved 1099776K
  class space    used 6992K, capacity 7520K, committed 7552K, reserved 1048576K
}
Event: 8.873 GC heap before
{Heap before GC invocations=11 (full 0):
 garbage-first heap   total 236544K, used 45190K [0x0000000741c00000, 0x0000000800000000)
  region size 1024K, 37 young (37888K), 15 survivors (15360K)
 Metaspace       used 58502K, capacity 59876K, committed 59936K, reserved 1101824K
  class space    used 7249K, capacity 7789K, committed 7808K, reserved 1048576K
}
Event: 8.894 GC heap after
{Heap after GC invocations=12 (full 0):
 garbage-first heap   total 284672K, used 25297K [0x0000000741c00000, 0x0000000800000000)
  region size 1024K, 11 young (11264K), 11 survivors (11264K)
 Metaspace       used 58502K, capacity 59876K, committed 59936K, reserved 1101824K
  class space    used 7249K, capacity 7789K, committed 7808K, reserved 1048576K
}
Event: 130.372 GC heap before
{Heap before GC invocations=13 (full 0):
 garbage-first heap   total 284672K, used 165585K [0x0000000741c00000, 0x0000000800000000)
  region size 1024K, 148 young (151552K), 11 survivors (11264K)
 Metaspace       used 69438K, capacity 71193K, committed 71424K, reserved 1112064K
  class space    used 8725K, capacity 9416K, committed 9472K, reserved 1048576K
}
Event: 130.392 GC heap after
{Heap after GC invocations=14 (full 0):
 garbage-first heap   total 284672K, used 29633K [0x0000000741c00000, 0x0000000800000000)
  region size 1024K, 13 young (13312K), 13 survivors (13312K)
 Metaspace       used 69438K, capacity 71193K, committed 71424K, reserved 1112064K
  class space    used 8725K, capacity 9416K, committed 9472K, reserved 1048576K
}

