# JRE version: Java(TM) SE Runtime Environment 18.9 (11.0.9+7) (build 11.0.9+7-LTS)
# Java VM: Java HotSpot(TM) 64-Bit Server VM 18.9 (11.0.9+7-LTS, mixed mode, tiered, compressed oops, g1 gc, windows-amd64)
Heap:
 garbage-first heap   total 259072K, used 152350K [0x0000000741c00000, 0x0000000800000000)
  region size 1024K, 144 young (147456K), 8 survivors (8192K)
 Metaspace       used 42526K, capacity 43676K, committed 43984K, reserved 1089536K
  class space    used 5021K, capacity 5472K, committed 5584K, reserved 1048576K
GC Heap History (10 events):
Event: 1.439 GC heap before
{Heap before GC invocations=1 (full 0):
 garbage-first heap   total 196608K, used 18217K [0x0000000741c00000, 0x0000000800000000)
  region size 1024K, 14 young (14336K), 2 survivors (2048K)
 Metaspace       used 11560K, capacity 11759K, committed 12032K, reserved 1060864K
  class space    used 1099K, capacity 1179K, committed 1280K, reserved 1048576K
}
Event: 1.445 GC heap after
{Heap after GC invocations=2 (full 0):
 garbage-first heap   total 196608K, used 7628K [0x0000000741c00000, 0x0000000800000000)
  region size 1024K, 1 young (1024K), 1 survivors (1024K)
 Metaspace       used 11560K, capacity 11759K, committed 12032K, reserved 1060864K
  class space    used 1099K, capacity 1179K, committed 1280K, reserved 1048576K
}
Event: 1.466 GC heap before
{Heap before GC invocations=2 (full 0):
 garbage-first heap   total 196608K, used 35276K [0x0000000741c00000, 0x0000000800000000)
  region size 1024K, 29 young (29696K), 1 survivors (1024K)
 Metaspace       used 11560K, capacity 11759K, committed 12032K, reserved 1060864K
  class space    used 1099K, capacity 1179K, committed 1280K, reserved 1048576K
}
Event: 1.469 GC heap after
{Heap after GC invocations=3 (full 0):
 garbage-first heap   total 196608K, used 7575K [0x0000000741c00000, 0x0000000800000000)
  region size 1024K, 1 young (1024K), 1 survivors (1024K)
 Metaspace       used 11560K, capacity 11759K, committed 12032K, reserved 1060864K
  class space    used 1099K, capacity 1179K, committed 1280K, reserved 1048576K
}
Event: 2.605 GC heap before
{Heap before GC invocations=3 (full 0):
 garbage-first heap   total 196608K, used 61847K [0x0000000741c00000, 0x0000000800000000)
  region size 1024K, 56 young (57344K), 1 survivors (1024K)
 Metaspace       used 20889K, capacity 21239K, committed 21248K, reserved 1069056K
  class space    used 2399K, capacity 2558K, committed 2560K, reserved 1048576K
}
Event: 2.610 GC heap after
{Heap after GC invocations=4 (full 0):
 garbage-first heap   total 196608K, used 9703K [0x0000000741c00000, 0x0000000800000000)
  region size 1024K, 3 young (3072K), 3 survivors (3072K)
 Metaspace       used 20889K, capacity 21239K, committed 21248K, reserved 1069056K
  class space    used 2399K, capacity 2558K, committed 2560K, reserved 1048576K
}
Event: 4.461 GC heap before
{Heap before GC invocations=5 (full 0):
 garbage-first heap   total 196608K, used 123367K [0x0000000741c00000, 0x0000000800000000)
  region size 1024K, 115 young (117760K), 3 survivors (3072K)
 Metaspace       used 29611K, capacity 30344K, committed 30716K, reserved 1077248K
  class space    used 3438K, capacity 3710K, committed 3836K, reserved 1048576K
}
Event: 4.469 GC heap after
{Heap after GC invocations=6 (full 0):
 garbage-first heap   total 196608K, used 12664K [0x0000000741c00000, 0x0000000800000000)
  region size 1024K, 6 young (6144K), 6 survivors (6144K)
 Metaspace       used 29611K, capacity 30344K, committed 30716K, reserved 1077248K
  class space    used 3438K, capacity 3710K, committed 3836K, reserved 1048576K
}
Event: 5.708 GC heap before
{Heap before GC invocations=6 (full 0):
 garbage-first heap   total 196608K, used 62840K [0x0000000741c00000, 0x0000000800000000)
  region size 1024K, 56 young (57344K), 6 survivors (6144K)
 Metaspace       used 35078K, capacity 35914K, committed 36048K, reserved 1081344K
  class space    used 4158K, capacity 4486K, committed 4560K, reserved 1048576K
}
Event: 5.719 GC heap after
{Heap after GC invocations=7 (full 0):
 garbage-first heap   total 259072K, used 15134K [0x0000000741c00000, 0x0000000800000000)
  region size 1024K, 8 young (8192K), 8 survivors (8192K)
 Metaspace       used 35078K, capacity 35914K, committed 36048K, reserved 1081344K
  class space    used 4158K, capacity 4486K, committed 4560K, reserved 1048576K
}

